<?xml version="1.0" encoding="UTF-8"?>
<!-- Generated by org.testng.reporters.JUnitReportReporter -->
<testsuite hostname="BISWAJIT2000" failures="0" tests="2" name="readExcel.com.openOfficeMail" time="10.657" errors="0" timestamp="2022-10-25T23:43:49 IST" skipped="0">
  <testcase classname="readExcel.com.openOfficeMail" name="OpenMail" time="5.682"/>
  <system-out/>
  <testcase classname="readExcel.com.openOfficeMail" name="OpenMail" time="4.975"/>
  <system-out/>
</testsuite> <!-- readExcel.com.openOfficeMail -->
