<?xml version="1.0" encoding="UTF-8"?>
<!-- Generated by org.testng.reporters.JUnitReportReporter -->
<testsuite hostname="BISWAJIT2000" failures="0" tests="1" name="com.Parameter.ParameterTest" time="5.018" errors="0" timestamp="2022-10-25T22:45:59 IST" skipped="0">
  <testcase classname="com.Parameter.ParameterTest" name="setupBrowser" time="5.018"/>
  <system-out/>
</testsuite> <!-- com.Parameter.ParameterTest -->
