<?xml version="1.0" encoding="UTF-8"?>
<!-- Generated by org.testng.reporters.JUnitReportReporter -->
<testsuite hostname="BISWAJIT2000" failures="0" tests="1" name="DataDrivenFramework.getDataFromExcel" time="1.267" errors="0" timestamp="2022-10-26T13:09:09 IST" skipped="0">
  <testcase classname="DataDrivenFramework.getDataFromExcel" name="excelDataget" time="1.267"/>
  <system-out/>
</testsuite> <!-- DataDrivenFramework.getDataFromExcel -->
