<?xml version="1.0" encoding="UTF-8"?>
<!-- Generated by org.testng.reporters.JUnitReportReporter -->
<testsuite hostname="BISWAJIT2000" failures="0" tests="10" name="readExcel.com.InvocationCountTest" time="0.031" errors="0" timestamp="2022-10-25T16:01:13 IST" skipped="0">
  <testcase classname="readExcel.com.InvocationCountTest" name="summation" time="0.000"/>
  <system-out/>
  <testcase classname="readExcel.com.InvocationCountTest" name="summation" time="0.000"/>
  <system-out/>
  <testcase classname="readExcel.com.InvocationCountTest" name="summation" time="0.000"/>
  <system-out/>
  <testcase classname="readExcel.com.InvocationCountTest" name="summation" time="0.000"/>
  <system-out/>
  <testcase classname="readExcel.com.InvocationCountTest" name="summation" time="0.000"/>
  <system-out/>
  <testcase classname="readExcel.com.InvocationCountTest" name="summation" time="0.000"/>
  <system-out/>
  <testcase classname="readExcel.com.InvocationCountTest" name="summation" time="0.016"/>
  <system-out/>
  <testcase classname="readExcel.com.InvocationCountTest" name="summation" time="0.000"/>
  <system-out/>
  <testcase classname="readExcel.com.InvocationCountTest" name="summation" time="0.015"/>
  <system-out/>
  <testcase classname="readExcel.com.InvocationCountTest" name="summation" time="0.000"/>
  <system-out/>
</testsuite> <!-- readExcel.com.InvocationCountTest -->
