<?xml version="1.0" encoding="UTF-8"?>
<!-- Generated by org.testng.reporters.JUnitReportReporter -->
<testsuite hostname="BISWAJIT2000" failures="0" tests="2" name="excelRead.demoSite" time="8.655" errors="0" timestamp="2022-10-21T19:09:41 IST" skipped="0">
  <testcase classname="excelRead.demoSite" name="demo" time="3.969"/>
  <system-out/>
  <testcase classname="excelRead.demoSite" name="demo" time="4.686"/>
  <system-out/>
</testsuite> <!-- excelRead.demoSite -->
