<?xml version="1.0" encoding="UTF-8"?>
<!-- Generated by org.testng.reporters.JUnitReportReporter -->
<testsuite hostname="BISWAJIT2000" failures="0" tests="4" name="excelRead.excelR" time="34.408" errors="0" timestamp="2022-10-21T12:53:32 IST" skipped="0">
  <testcase classname="excelRead.excelR" name="demo" time="9.712"/>
  <system-out/>
  <testcase classname="excelRead.excelR" name="demo" time="8.185"/>
  <system-out/>
  <testcase classname="excelRead.excelR" name="demo" time="8.233"/>
  <system-out/>
  <testcase classname="excelRead.excelR" name="demo" time="8.278"/>
  <system-out/>
</testsuite> <!-- excelRead.excelR -->
