<?xml version="1.0" encoding="UTF-8"?>
<!-- Generated by org.testng.reporters.JUnitReportReporter -->
<testsuite hostname="BISWAJIT2000" failures="0" tests="6" name="readExcel.googleTest" time="49.141" errors="0" timestamp="2022-10-25T11:25:42 IST" skipped="0">
  <testcase classname="readExcel.googleTest" name="Youtube" time="10.361"/>
  <system-out/>
  <testcase classname="readExcel.googleTest" name="linkTest" time="6.014"/>
  <system-out/>
  <testcase classname="readExcel.googleTest" name="Flipkart" time="14.050"/>
  <system-out/>
  <testcase classname="readExcel.googleTest" name="test1" time="5.290"/>
  <system-out/>
  <testcase classname="readExcel.googleTest" name="test2" time="6.652"/>
  <system-out/>
  <testcase classname="readExcel.googleTest" name="test3" time="6.774"/>
  <system-out/>
</testsuite> <!-- readExcel.googleTest -->
