<?xml version="1.0" encoding="UTF-8"?>
<!-- Generated by org.testng.reporters.JUnitReportReporter -->
<testsuite hostname="BISWAJIT2000" failures="0" tests="1" name="PassFailDataDrivenProject.ExcelReadWriteTest" time="1.392" errors="0" timestamp="2022-10-28T16:11:51 IST" skipped="0">
  <testcase classname="PassFailDataDrivenProject.ExcelReadWriteTest" name="readWrite" time="1.392"/>
  <system-out/>
</testsuite> <!-- PassFailDataDrivenProject.ExcelReadWriteTest -->
