<?xml version="1.0" encoding="UTF-8"?>
<!-- Generated by org.testng.reporters.JUnitReportReporter -->
<testsuite hostname="BISWAJIT2000" failures="0" tests="3" name="readExcel.com.emailportal" time="3.593" errors="0" timestamp="2022-11-15T18:52:41 IST" skipped="0">
  <testcase classname="readExcel.com.emailportal" name="hello" time="3.581"/>
  <system-out/>
  <testcase classname="readExcel.com.emailportal" name="browserCheck" time="0.010"/>
  <system-out/>
  <testcase classname="readExcel.com.emailportal" name="logoCheck" time="0.002"/>
  <system-out/>
</testsuite> <!-- readExcel.com.emailportal -->
