<?xml version="1.0" encoding="UTF-8"?>
<!-- Generated by org.testng.reporters.JUnitReportReporter -->
<testsuite hostname="BISWAJIT2000" failures="0" tests="1" name="readExcel.com.getExcelDataTest" time="1.077" errors="0" timestamp="2022-10-25T23:14:20 IST" skipped="0">
  <testcase classname="readExcel.com.getExcelDataTest" name="getData" time="1.077"/>
  <system-out/>
</testsuite> <!-- readExcel.com.getExcelDataTest -->
