<?xml version="1.0" encoding="UTF-8"?>
<!-- Generated by org.testng.reporters.JUnitReportReporter -->
<testsuite hostname="BISWAJIT2000" failures="0" tests="1" name="readExcel.com.GoogleTitleTest" time="6.397" errors="0" timestamp="2022-10-25T16:01:13 IST" skipped="0">
  <testcase classname="readExcel.com.GoogleTitleTest" name="titleTest" time="6.397"/>
  <system-out/>
</testsuite> <!-- readExcel.com.GoogleTitleTest -->
