<?xml version="1.0" encoding="UTF-8"?>
<!-- Generated by org.testng.reporters.JUnitReportReporter -->
<testsuite hostname="BISWAJIT2000" failures="0" tests="4" name="readExcel.TestNGfeatureTest" time="0.020" errors="0" timestamp="2022-10-25T11:48:45 IST" skipped="0">
  <testcase classname="readExcel.TestNGfeatureTest" name="registrationPage" time="0.003"/>
  <system-out/>
  <testcase classname="readExcel.TestNGfeatureTest" name="loginTest" time="0.013"/>
  <system-out/>
  <testcase classname="readExcel.TestNGfeatureTest" name="searchBarTest" time="0.002"/>
  <system-out/>
  <testcase classname="readExcel.TestNGfeatureTest" name="homePage" time="0.002"/>
  <system-out/>
</testsuite> <!-- readExcel.TestNGfeatureTest -->
