<?xml version="1.0" encoding="UTF-8"?>
<!-- Generated by org.testng.reporters.JUnitReportReporter -->
<testsuite hostname="BISWAJIT2000" failures="0" tests="6" name="readExcel.com.googleTest" time="131.649" errors="0" timestamp="2022-10-25T16:01:13 IST" skipped="0">
  <testcase classname="readExcel.com.googleTest" name="Youtube" time="21.661"/>
  <system-out/>
  <testcase classname="readExcel.com.googleTest" name="linkTest" time="25.805"/>
  <system-out/>
  <testcase classname="readExcel.com.googleTest" name="Flipkart" time="15.872"/>
  <system-out/>
  <testcase classname="readExcel.com.googleTest" name="test1" time="11.309"/>
  <system-out/>
  <testcase classname="readExcel.com.googleTest" name="test2" time="46.969"/>
  <system-out/>
  <testcase classname="readExcel.com.googleTest" name="test3" time="10.033"/>
  <system-out/>
</testsuite> <!-- readExcel.com.googleTest -->
