<?xml version="1.0" encoding="UTF-8"?>
<!-- Generated by org.testng.reporters.JUnitReportReporter -->
<testsuite hostname="BISWAJIT2000" failures="0" tests="1" name="PassFailDataDrivenProject.justTest" time="0.916" errors="0" timestamp="2022-11-16T16:52:48 IST" skipped="0">
  <testcase classname="PassFailDataDrivenProject.justTest" name="test" time="0.916"/>
  <system-out/>
</testsuite> <!-- PassFailDataDrivenProject.justTest -->
