<?xml version="1.0" encoding="UTF-8"?>
<!-- Generated by org.testng.reporters.JUnitReportReporter -->
<testsuite hostname="BISWAJIT2000" failures="0" tests="6" name="DataDrivenFramework.SiteAutomateandgetdatafromeExcel" time="61.128" errors="0" timestamp="2022-10-28T12:26:55 IST" skipped="0">
  <testcase classname="DataDrivenFramework.SiteAutomateandgetdatafromeExcel" name="setup" time="9.658"/>
  <system-out/>
  <testcase classname="DataDrivenFramework.SiteAutomateandgetdatafromeExcel" name="setup" time="11.473"/>
  <system-out/>
  <testcase classname="DataDrivenFramework.SiteAutomateandgetdatafromeExcel" name="setup" time="10.449"/>
  <system-out/>
  <testcase classname="DataDrivenFramework.SiteAutomateandgetdatafromeExcel" name="setup" time="9.391"/>
  <system-out/>
  <testcase classname="DataDrivenFramework.SiteAutomateandgetdatafromeExcel" name="setup" time="9.781"/>
  <system-out/>
  <testcase classname="DataDrivenFramework.SiteAutomateandgetdatafromeExcel" name="setup" time="10.376"/>
  <system-out/>
</testsuite> <!-- DataDrivenFramework.SiteAutomateandgetdatafromeExcel -->
