<?xml version="1.0" encoding="UTF-8"?>
<!-- Generated by org.testng.reporters.JUnitReportReporter -->
<testsuite hostname="BISWAJIT2000" failures="0" tests="1" name="readExcel.TimeOutandExceptedException" time="2.034" errors="0" timestamp="2022-10-25T14:47:32 IST" skipped="0">
  <testcase classname="readExcel.TimeOutandExceptedException" name="InvocationTimeout" time="2.034"/>
  <system-out/>
</testsuite> <!-- readExcel.TimeOutandExceptedException -->
