<?xml version="1.0" encoding="UTF-8"?>
<!-- Generated by org.testng.reporters.JUnitReportReporter -->
<testsuite hostname="BISWAJIT2000" failures="0" tests="4" name="readExcel.com.TestNGfeatureTest" time="0.032" errors="0" timestamp="2022-10-25T16:01:13 IST" skipped="0">
  <testcase classname="readExcel.com.TestNGfeatureTest" name="registrationPage" time="0.000"/>
  <system-out/>
  <testcase classname="readExcel.com.TestNGfeatureTest" name="loginTest" time="0.016"/>
  <system-out/>
  <testcase classname="readExcel.com.TestNGfeatureTest" name="searchBarTest" time="0.016"/>
  <system-out/>
  <testcase classname="readExcel.com.TestNGfeatureTest" name="homePage" time="0.000"/>
  <system-out/>
</testsuite> <!-- readExcel.com.TestNGfeatureTest -->
