<?xml version="1.0" encoding="UTF-8"?>
<!-- Generated by org.testng.reporters.JUnitReportReporter -->
<testsuite hostname="BISWAJIT2000" failures="0" tests="10" name="readExcel.InvocationCountTest" time="0.024" errors="0" timestamp="2022-10-25T12:49:35 IST" skipped="0">
  <testcase classname="readExcel.InvocationCountTest" name="summation" time="0.001"/>
  <system-out/>
  <testcase classname="readExcel.InvocationCountTest" name="summation" time="0.001"/>
  <system-out/>
  <testcase classname="readExcel.InvocationCountTest" name="summation" time="0.012"/>
  <system-out/>
  <testcase classname="readExcel.InvocationCountTest" name="summation" time="0.002"/>
  <system-out/>
  <testcase classname="readExcel.InvocationCountTest" name="summation" time="0.001"/>
  <system-out/>
  <testcase classname="readExcel.InvocationCountTest" name="summation" time="0.001"/>
  <system-out/>
  <testcase classname="readExcel.InvocationCountTest" name="summation" time="0.001"/>
  <system-out/>
  <testcase classname="readExcel.InvocationCountTest" name="summation" time="0.002"/>
  <system-out/>
  <testcase classname="readExcel.InvocationCountTest" name="summation" time="0.002"/>
  <system-out/>
  <testcase classname="readExcel.InvocationCountTest" name="summation" time="0.001"/>
  <system-out/>
</testsuite> <!-- readExcel.InvocationCountTest -->
