<?xml version="1.0" encoding="UTF-8"?>
<!-- Generated by org.testng.reporters.JUnitReportReporter -->
<testsuite hostname="BISWAJIT2000" failures="0" tests="2" name="readExcel.emailportal" time="0.011" errors="0" timestamp="2022-10-24T20:47:24 IST" skipped="0">
  <testcase classname="readExcel.emailportal" name="logoCheck" time="0.003"/>
  <system-out/>
  <testcase classname="readExcel.emailportal" name="browserCheck" time="0.008"/>
  <system-out/>
</testsuite> <!-- readExcel.emailportal -->
