<?xml version="1.0" encoding="UTF-8"?>
<!-- Generated by org.testng.reporters.JUnitReportReporter -->
<testsuite hostname="BISWAJIT2000" failures="0" tests="1" name="readExcel.GoogleTitleTest" time="7.087" errors="0" timestamp="2022-10-25T15:25:10 IST" skipped="0">
  <testcase classname="readExcel.GoogleTitleTest" name="titleTest" time="7.087"/>
  <system-out/>
</testsuite> <!-- readExcel.GoogleTitleTest -->
